Build started 9/9/2014 12:10:27 PM.
     1>Project "D:\Documents\Visual Studio Projects\SoftDev Post 2\NetworkGame1Server\NetworkGame1Server.vcxproj" on node 2 (build target(s)).
     1>InitializeBuildStatus:
         Creating "Debug\NetworkGame1Server.unsuccessfulbuild" because "AlwaysCreate" was specified.
       ClCompile:
         All outputs are up-to-date.
       ManifestResourceCompile:
         All outputs are up-to-date.
       Link:
         C:\Program Files (x86)\Microsoft Visual Studio 10.0\VC\bin\link.exe /ERRORREPORT:PROMPT /OUT:"D:\Documents\Visual Studio Projects\SoftDev Post 2\NetworkGame1Server\Debug\NetworkGame1Server.exe" /INCREMENTAL /NOLOGO EngineCore.lib kernel32.lib user32.lib gdi32.lib winspool.lib comdlg32.lib advapi32.lib shell32.lib ole32.lib oleaut32.lib uuid.lib odbc32.lib odbccp32.lib /MANIFEST /ManifestFile:"Debug\NetworkGame1Server.exe.intermediate.manifest" /MANIFESTUAC:"level='asInvoker' uiAccess='false'" /DEBUG /PDB:"D:\Documents\Visual Studio Projects\SoftDev Post 2\NetworkGame1Server\Debug\NetworkGame1Server.pdb" /SUBSYSTEM:CONSOLE /TLBID:1 /DYNAMICBASE /NXCOMPAT /IMPLIB:"D:\Documents\Visual Studio Projects\SoftDev Post 2\NetworkGame1Server\Debug\NetworkGame1Server.lib" /MACHINE:X86 Debug\NetworkGame1Server.exe.embed.manifest.res
         Debug\Entity.obj
         Debug\main.obj
         Debug\RemoteUDPClient.obj
       Manifest:
         C:\Program Files (x86)\Microsoft SDKs\Windows\v7.0A\bin\mt.exe /nologo /verbose /out:"Debug\NetworkGame1Server.exe.embed.manifest" /manifest Debug\NetworkGame1Server.exe.intermediate.manifest
         All outputs are up-to-date.
       LinkEmbedManifest:
         All outputs are up-to-date.
         NetworkGame1Server.vcxproj -> D:\Documents\Visual Studio Projects\SoftDev Post 2\NetworkGame1Server\Debug\NetworkGame1Server.exe
       FinalizeBuildStatus:
         Deleting file "Debug\NetworkGame1Server.unsuccessfulbuild".
         Touching "Debug\NetworkGame1Server.lastbuildstate".
     1>Done Building Project "D:\Documents\Visual Studio Projects\SoftDev Post 2\NetworkGame1Server\NetworkGame1Server.vcxproj" (build target(s)).

Build succeeded.

Time Elapsed 00:00:00.09
