D:\DOCUMENTS\VISUAL STUDIO PROJECTS\SOFTDEV POST 2\NETWORKEDGAME1\DEBUG\CAMERA.OBJ
D:\Documents\Visual Studio Projects\SoftDev Post 2\NetworkedGame1\Debug\cl.command.1.tlog
D:\Documents\Visual Studio Projects\SoftDev Post 2\NetworkedGame1\Debug\CL.read.1.tlog
D:\Documents\Visual Studio Projects\SoftDev Post 2\NetworkedGame1\Debug\CL.write.1.tlog
D:\DOCUMENTS\VISUAL STUDIO PROJECTS\SOFTDEV POST 2\NETWORKEDGAME1\DEBUG\ENTITY.OBJ
D:\Documents\Visual Studio Projects\SoftDev Post 2\NetworkedGame1\Debug\link.command.1.tlog
D:\Documents\Visual Studio Projects\SoftDev Post 2\NetworkedGame1\Debug\link.read.1.tlog
D:\Documents\Visual Studio Projects\SoftDev Post 2\NetworkedGame1\Debug\link.write.1.tlog
D:\Documents\Visual Studio Projects\SoftDev Post 2\NetworkedGame1\Debug\link-cvtres.read.1.tlog
D:\Documents\Visual Studio Projects\SoftDev Post 2\NetworkedGame1\Debug\link-cvtres.write.1.tlog
D:\Documents\Visual Studio Projects\SoftDev Post 2\NetworkedGame1\Debug\NetworkedGame1.exe.embed.manifest
D:\DOCUMENTS\VISUAL STUDIO PROJECTS\SOFTDEV POST 2\NETWORKEDGAME1\DEBUG\NETWORKEDGAME1.EXE.EMBED.MANIFEST.RES
D:\Documents\Visual Studio Projects\SoftDev Post 2\NetworkedGame1\Debug\NetworkedGame1.exe.intermediate.manifest
D:\Documents\Visual Studio Projects\SoftDev Post 2\NetworkedGame1\Debug\NetworkedGame1.pdb
D:\Documents\Visual Studio Projects\SoftDev Post 2\NetworkedGame1\Debug\NetworkedGame1.vcxprojResolveAssemblyReference.cache
D:\Documents\Visual Studio Projects\SoftDev Post 2\NetworkedGame1\Debug\NetworkedGame1.write.1.tlog
D:\Documents\Visual Studio Projects\SoftDev Post 2\NetworkedGame1\Debug\NetworkedGame1_manifest.rc
D:\DOCUMENTS\VISUAL STUDIO PROJECTS\SOFTDEV POST 2\NETWORKEDGAME1\DEBUG\PANZERFAUST.OBJ
D:\Documents\Visual Studio Projects\SoftDev Post 2\NetworkedGame1\Debug\rc.command.1.tlog
D:\Documents\Visual Studio Projects\SoftDev Post 2\NetworkedGame1\Debug\rc.read.1.tlog
D:\Documents\Visual Studio Projects\SoftDev Post 2\NetworkedGame1\Debug\rc.write.1.tlog
D:\DOCUMENTS\VISUAL STUDIO PROJECTS\SOFTDEV POST 2\NETWORKEDGAME1\DEBUG\USER.OBJ
D:\Documents\Visual Studio Projects\SoftDev Post 2\NetworkedGame1\Debug\vc100.idb
D:\DOCUMENTS\VISUAL STUDIO PROJECTS\SOFTDEV POST 2\NETWORKEDGAME1\DEBUG\VC100.PDB
D:\DOCUMENTS\VISUAL STUDIO PROJECTS\SOFTDEV POST 2\NETWORKEDGAME1\DEBUG\WIN32_MAIN.OBJ
